0 verbose cli C:\Program Files\nodejs\node.exe C:\Program Files\nodejs\node_modules\npm\bin\npm-cli.js
1 info using npm@11.6.2
2 info using node@v24.13.0
3 silly config load:file:C:\Program Files\nodejs\node_modules\npm\npmrc
4 silly config load:file:E:\Sai Kiran\Scrap_Collector_FV\Customer\.npmrc
5 silly config load:file:C:\Users\srijaytech\.npmrc
6 silly config load:file:C:\Users\srijaytech\AppData\Roaming\npm\etc\npmrc
7 verbose title npm install metro-react-native-babel-preset
8 verbose argv "install" "--save-dev" "metro-react-native-babel-preset"
9 verbose logfile logs-max:10 dir:E:\Sai Kiran\Scrap_Collector_FV\Customer\.npm-cache\_logs\2026-04-09T05_15_56_428Z-
10 verbose logfile E:\Sai Kiran\Scrap_Collector_FV\Customer\.npm-cache\_logs\2026-04-09T05_15_56_428Z-debug-0.log
11 silly logfile done cleaning log files
12 silly packumentCache heap:4496293888 maxSize:1124073472 maxEntrySize:562036736
13 silly idealTree buildDeps
14 silly fetch manifest metro-react-native-babel-preset@*
15 silly packumentCache full:https://registry.npmjs.org/metro-react-native-babel-preset cache-miss
16 http fetch GET 200 https://registry.npmjs.org/metro-react-native-babel-preset 1172ms (cache miss)
17 silly packumentCache full:https://registry.npmjs.org/metro-react-native-babel-preset set size:undefined disposed:false
18 silly placeDep ROOT metro-react-native-babel-preset@0.77.0 OK for:  want: *
19 silly fetch manifest react-refresh@^0.4.0
20 silly packumentCache full:https://registry.npmjs.org/react-refresh cache-miss
21 silly fetch manifest @babel/plugin-proposal-class-properties@^7.18.0
22 silly packumentCache full:https://registry.npmjs.org/@babel%2fplugin-proposal-class-properties cache-miss
23 silly fetch manifest @babel/plugin-proposal-numeric-separator@^7.0.0
24 silly packumentCache full:https://registry.npmjs.org/@babel%2fplugin-proposal-numeric-separator cache-miss
25 http fetch GET 200 https://registry.npmjs.org/@babel%2fplugin-proposal-class-properties 375ms (cache miss)
26 silly packumentCache full:https://registry.npmjs.org/@babel%2fplugin-proposal-class-properties set size:undefined disposed:false
27 silly fetch manifest @babel/plugin-proposal-optional-chaining@^7.20.0
28 silly packumentCache full:https://registry.npmjs.org/@babel%2fplugin-proposal-optional-chaining cache-miss
29 http fetch GET 200 https://registry.npmjs.org/@babel%2fplugin-proposal-numeric-separator 405ms (cache miss)
30 silly packumentCache full:https://registry.npmjs.org/@babel%2fplugin-proposal-numeric-separator set size:undefined disposed:false
31 silly fetch manifest @babel/plugin-proposal-object-rest-spread@^7.20.0
32 silly packumentCache full:https://registry.npmjs.org/@babel%2fplugin-proposal-object-rest-spread cache-miss
33 http fetch GET 200 https://registry.npmjs.org/@babel%2fplugin-proposal-optional-chaining 92ms (cache miss)
34 silly packumentCache full:https://registry.npmjs.org/@babel%2fplugin-proposal-optional-chaining set size:undefined disposed:false
35 silly fetch manifest @babel/plugin-proposal-optional-catch-binding@^7.0.0
36 silly packumentCache full:https://registry.npmjs.org/@babel%2fplugin-proposal-optional-catch-binding cache-miss
37 http fetch GET 200 https://registry.npmjs.org/@babel%2fplugin-proposal-optional-catch-binding 189ms (cache miss)
38 silly packumentCache full:https://registry.npmjs.org/@babel%2fplugin-proposal-optional-catch-binding set size:undefined disposed:false
39 silly fetch manifest @babel/plugin-proposal-async-generator-functions@^7.0.0
40 silly packumentCache full:https://registry.npmjs.org/@babel%2fplugin-proposal-async-generator-functions cache-miss
41 http fetch GET 200 https://registry.npmjs.org/@babel%2fplugin-proposal-object-rest-spread 408ms (cache miss)
42 silly packumentCache full:https://registry.npmjs.org/@babel%2fplugin-proposal-object-rest-spread set size:undefined disposed:false
43 silly fetch manifest @babel/plugin-proposal-nullish-coalescing-operator@^7.18.0
44 silly packumentCache full:https://registry.npmjs.org/@babel%2fplugin-proposal-nullish-coalescing-operator cache-miss
45 http fetch GET 200 https://registry.npmjs.org/@babel%2fplugin-proposal-async-generator-functions 106ms (cache miss)
46 silly packumentCache full:https://registry.npmjs.org/@babel%2fplugin-proposal-async-generator-functions set size:undefined disposed:false
47 http fetch GET 200 https://registry.npmjs.org/@babel%2fplugin-proposal-nullish-coalescing-operator 102ms (cache miss)
48 silly packumentCache full:https://registry.npmjs.org/@babel%2fplugin-proposal-nullish-coalescing-operator set size:undefined disposed:false
49 http fetch GET 200 https://registry.npmjs.org/react-refresh 968ms (cache miss)
50 silly packumentCache full:https://registry.npmjs.org/react-refresh set size:undefined disposed:false
51 silly fetch manifest @babel/core@^7.20.0
52 silly packumentCache full:https://registry.npmjs.org/@babel%2fcore cache-miss
53 http fetch GET 200 https://registry.npmjs.org/@babel%2fcore 88ms (cache miss)
54 silly packumentCache full:https://registry.npmjs.org/@babel%2fcore set size:undefined disposed:false
55 silly placeDep ROOT @babel/plugin-proposal-async-generator-functions@7.20.7 OK for: metro-react-native-babel-preset@0.77.0 want: ^7.0.0
56 silly placeDep ROOT @babel/plugin-proposal-class-properties@7.18.6 OK for: metro-react-native-babel-preset@0.77.0 want: ^7.18.0
57 silly placeDep ROOT @babel/plugin-proposal-nullish-coalescing-operator@7.18.6 OK for: metro-react-native-babel-preset@0.77.0 want: ^7.18.0
58 silly placeDep ROOT @babel/plugin-proposal-numeric-separator@7.18.6 OK for: metro-react-native-babel-preset@0.77.0 want: ^7.0.0
59 silly placeDep ROOT @babel/plugin-proposal-object-rest-spread@7.20.7 OK for: metro-react-native-babel-preset@0.77.0 want: ^7.20.0
60 silly placeDep ROOT @babel/plugin-proposal-optional-catch-binding@7.18.6 OK for: metro-react-native-babel-preset@0.77.0 want: ^7.0.0
61 silly placeDep ROOT @babel/plugin-proposal-optional-chaining@7.21.0 OK for: metro-react-native-babel-preset@0.77.0 want: ^7.20.0
62 silly placeDep node_modules/metro-react-native-babel-preset react-refresh@0.4.3 OK for: metro-react-native-babel-preset@0.77.0 want: ^0.4.0
63 silly fetch manifest @babel/helper-environment-visitor@^7.18.9
64 silly packumentCache full:https://registry.npmjs.org/@babel%2fhelper-environment-visitor cache-miss
65 http fetch GET 200 https://registry.npmjs.org/@babel%2fhelper-environment-visitor 61ms (cache miss)
66 silly packumentCache full:https://registry.npmjs.org/@babel%2fhelper-environment-visitor set size:undefined disposed:false
67 silly placeDep ROOT @babel/helper-environment-visitor@7.24.7 OK for: @babel/plugin-proposal-async-generator-functions@7.20.7 want: ^7.18.9
68 silly reify moves {}
69 silly audit bulk request {
69 silly audit   '@0no-co/graphql.web': [ '1.2.0' ],
69 silly audit   '@babel/code-frame': [ '7.10.4', '7.27.1', '7.29.0' ],
69 silly audit   '@babel/compat-data': [ '7.29.0' ],
69 silly audit   '@babel/core': [ '7.28.5' ],
69 silly audit   semver: [ '6.3.1', '7.7.3' ],
69 silly audit   '@babel/generator': [ '7.29.1' ],
69 silly audit   '@babel/helper-annotate-as-pure': [ '7.27.3' ],
69 silly audit   '@babel/helper-compilation-targets': [ '7.28.6' ],
69 silly audit   '@babel/helper-create-class-features-plugin': [ '7.28.6' ],
69 silly audit   '@babel/helper-create-regexp-features-plugin': [ '7.28.5' ],
69 silly audit   '@babel/helper-define-polyfill-provider': [ '0.6.8' ],
69 silly audit   '@babel/helper-globals': [ '7.28.0' ],
69 silly audit   '@babel/helper-member-expression-to-functions': [ '7.28.5' ],
69 silly audit   '@babel/helper-module-imports': [ '7.28.6' ],
69 silly audit   '@babel/helper-module-transforms': [ '7.28.6' ],
69 silly audit   '@babel/helper-optimise-call-expression': [ '7.27.1' ],
69 silly audit   '@babel/helper-plugin-utils': [ '7.28.6' ],
69 silly audit   '@babel/helper-remap-async-to-generator': [ '7.27.1' ],
69 silly audit   '@babel/helper-replace-supers': [ '7.28.6' ],
69 silly audit   '@babel/helper-skip-transparent-expression-wrappers': [ '7.27.1' ],
69 silly audit   '@babel/helper-string-parser': [ '7.27.1' ],
69 silly audit   '@babel/helper-validator-identifier': [ '7.28.5' ],
69 silly audit   '@babel/helper-validator-option': [ '7.27.1' ],
69 silly audit   '@babel/helper-wrap-function': [ '7.28.6' ],
69 silly audit   '@babel/helpers': [ '7.28.4' ],
69 silly audit   '@babel/highlight': [ '7.25.9' ],
69 silly audit   '@babel/parser': [ '7.29.2' ],
69 silly audit   '@babel/plugin-proposal-decorators': [ '7.29.0' ],
69 silly audit   '@babel/plugin-proposal-export-default-from': [ '7.27.1' ],
69 silly audit   '@babel/plugin-syntax-async-generators': [ '7.8.4' ],
69 silly audit   '@babel/plugin-syntax-bigint': [ '7.8.3' ],
69 silly audit   '@babel/plugin-syntax-class-properties': [ '7.12.13' ],
69 silly audit   '@babel/plugin-syntax-class-static-block': [ '7.14.5' ],
69 silly audit   '@babel/plugin-syntax-decorators': [ '7.28.6' ],
69 silly audit   '@babel/plugin-syntax-dynamic-import': [ '7.8.3' ],
69 silly audit   '@babel/plugin-syntax-export-default-from': [ '7.28.6' ],
69 silly audit   '@babel/plugin-syntax-flow': [ '7.28.6' ],
69 silly audit   '@babel/plugin-syntax-import-attributes': [ '7.27.1' ],
69 silly audit   '@babel/plugin-syntax-import-meta': [ '7.10.4' ],
69 silly audit   '@babel/plugin-syntax-json-strings': [ '7.8.3' ],
69 silly audit   '@babel/plugin-syntax-jsx': [ '7.28.6' ],
69 silly audit   '@babel/plugin-syntax-logical-assignment-operators': [ '7.10.4' ],
69 silly audit   '@babel/plugin-syntax-nullish-coalescing-operator': [ '7.8.3' ],
69 silly audit   '@babel/plugin-syntax-numeric-separator': [ '7.10.4' ],
69 silly audit   '@babel/plugin-syntax-object-rest-spread': [ '7.8.3' ],
69 silly audit   '@babel/plugin-syntax-optional-catch-binding': [ '7.8.3' ],
69 silly audit   '@babel/plugin-syntax-optional-chaining': [ '7.8.3' ],
69 silly audit   '@babel/plugin-syntax-private-property-in-object': [ '7.14.5' ],
69 silly audit   '@babel/plugin-syntax-top-level-await': [ '7.14.5' ],
69 silly audit   '@babel/plugin-syntax-typescript': [ '7.28.6' ],
69 silly audit   '@babel/plugin-transform-arrow-functions': [ '7.27.1' ],
69 silly audit   '@babel/plugin-transform-async-generator-functions': [ '7.29.0' ],
69 silly audit   '@babel/plugin-transform-async-to-generator': [ '7.28.6' ],
69 silly audit   '@babel/plugin-transform-block-scoping': [ '7.28.6' ],
69 silly audit   '@babel/plugin-transform-class-properties': [ '7.28.6' ],
69 silly audit   '@babel/plugin-transform-class-static-block': [ '7.28.6' ],
69 silly audit   '@babel/plugin-transform-classes': [ '7.28.6' ],
69 silly audit   '@babel/plugin-transform-computed-properties': [ '7.28.6' ],
69 silly audit   '@babel/plugin-transform-destructuring': [ '7.28.5' ],
69 silly audit   '@babel/plugin-transform-export-namespace-from': [ '7.27.1' ],
69 silly audit   '@babel/plugin-transform-flow-strip-types': [ '7.27.1' ],
69 silly audit   '@babel/plugin-transform-for-of': [ '7.27.1' ],
69 silly audit   '@babel/plugin-transform-function-name': [ '7.27.1' ],
69 silly audit   '@babel/plugin-transform-literals': [ '7.27.1' ],
69 silly audit   '@babel/plugin-transform-logical-assignment-operators': [ '7.28.6' ],
69 silly audit   '@babel/plugin-transform-modules-commonjs': [ '7.28.6' ],
69 silly audit   '@babel/plugin-transform-named-capturing-groups-regex': [ '7.29.0' ],
69 silly audit   '@babel/plugin-transform-nullish-coalescing-operator': [ '7.28.6' ],
69 silly audit   '@babel/plugin-transform-numeric-separator': [ '7.28.6' ],
69 silly audit   '@babel/plugin-transform-object-rest-spread': [ '7.28.6' ],
69 silly audit   '@babel/plugin-transform-optional-catch-binding': [ '7.28.6' ],
69 silly audit   '@babel/plugin-transform-optional-chaining': [ '7.28.6' ],
69 silly audit   '@babel/plugin-transform-parameters': [ '7.27.7' ],
69 silly audit   '@babel/plugin-transform-private-methods': [ '7.28.6' ],
69 silly audit   '@babel/plugin-transform-private-property-in-object': [ '7.28.6' ],
69 silly audit   '@babel/plugin-transform-react-display-name': [ '7.28.0' ],
69 silly audit   '@babel/plugin-transform-react-jsx': [ '7.28.6' ],
69 silly audit   '@babel/plugin-transform-react-jsx-development': [ '7.27.1' ],
69 silly audit   '@babel/plugin-transform-react-jsx-self': [ '7.27.1' ],
69 silly audit   '@babel/plugin-transform-react-jsx-source': [ '7.27.1' ],
69 silly audit   '@babel/plugin-transform-react-pure-annotations': [ '7.27.1' ],
69 silly audit   '@babel/plugin-transform-regenerator': [ '7.29.0' ],
69 silly audit   '@babel/plugin-transform-runtime': [ '7.29.0' ],
69 silly audit   '@babel/plugin-transform-shorthand-properties': [ '7.27.1' ],
69 silly audit   '@babel/plugin-transform-spread': [ '7.28.6' ],
69 silly audit   '@babel/plugin-transform-sticky-regex': [ '7.27.1' ],
69 silly audit   '@babel/plugin-transform-typescript': [ '7.28.6' ],
69 silly audit   '@babel/plugin-transform-unicode-regex': [ '7.27.1' ],
69 silly audit   '@babel/preset-react': [ '7.28.5' ],
69 silly audit   '@babel/preset-typescript': [ '7.28.5' ],
69 silly audit   '@babel/runtime': [ '7.28.4' ],
69 silly audit   '@babel/template': [ '7.28.6' ],
69 silly audit   '@babel/traverse': [ '7.29.0', '7.28.5' ],
69 silly audit   '@babel/types': [ '7.29.0' ],
69 silly audit   '@callstack/react-theme-provider': [ '3.0.9' ],
69 silly audit   deepmerge: [ '3.3.0', '4.3.1' ],
69 silly audit   '@expo/code-signing-certificates': [ '0.0.6' ],
69 silly audit   '@expo/config': [ '12.0.13' ],
69 silly audit   '@expo/config-plugins': [ '54.0.4' ],
69 silly audit   'ansi-styles': [ '4.3.0', '3.2.1', '5.2.0' ],
69 silly audit   chalk: [ '4.1.2', '2.4.2' ],
69 silly audit   'has-flag': [ '4.0.0', '3.0.0' ],
69 silly audit   'supports-color': [ '7.2.0', '8.1.1', '5.5.0' ],
69 silly audit   '@expo/config-types': [ '54.0.10' ],
69 silly audit   '@expo/devcert': [ '1.2.1' ],
69 silly audit   debug: [ '3.2.7', '2.6.9', '4.4.3' ],
69 silly audit   '@expo/devtools': [ '0.1.8' ],
69 silly audit   '@expo/env': [ '2.0.8' ],
69 silly audit   '@expo/fingerprint': [ '0.15.4' ],
69 silly audit   '@expo/image-utils': [ '0.8.8' ],
69 silly audit   '@expo/json-file': [ '10.0.12' ],
69 silly audit   '@expo/metro': [ '54.2.0' ],
69 silly audit   '@expo/metro-config': [ '54.0.14' ],
69 silly audit   'hermes-estree': [ '0.29.1', '0.33.3', '0.32.0' ],
69 silly audit   'hermes-parser': [ '0.29.1', '0.33.3', '0.32.0' ],
69 silly audit   '@expo/metro-runtime': [ '6.1.2' ],
69 silly audit   '@expo/ngrok': [ '4.1.3' ],
69 silly audit   '@expo/ngrok-bin': [ '2.3.42' ],
69 silly audit   '@expo/ngrok-bin-darwin-arm64': [ '2.3.41' ],
69 silly audit   '@expo/ngrok-bin-darwin-x64': [ '2.3.41' ],
69 silly audit   '@expo/ngrok-bin-freebsd-ia32': [ '2.3.41' ],
69 silly audit   '@expo/ngrok-bin-freebsd-x64': [ '2.3.41' ],
69 silly audit   '@expo/ngrok-bin-linux-arm': [ '2.3.41' ],
69 silly audit   '@expo/ngrok-bin-linux-arm64': [ '2.3.41' ],
69 silly audit   '@expo/ngrok-bin-linux-ia32': [ '2.3.41' ],
69 silly audit   '@expo/ngrok-bin-linux-x64': [ '2.3.41' ],
69 silly audit   '@expo/ngrok-bin-sunos-x64': [ '2.3.41' ],
69 silly audit   '@expo/ngrok-bin-win32-ia32': [ '2.3.41' ],
69 silly audit   '@expo/ngrok-bin-win32-x64': [ '2.3.41' ],
69 silly audit   uuid: [ '3.4.0', '7.0.3' ],
69 silly audit   yaml: [ '1.10.2', '2.8.2' ],
69 silly audit   '@expo/osascript': [ '2.4.2' ],
69 silly audit   '@expo/package-manager': [ '1.10.3' ],
69 silly audit   '@expo/plist': [ '0.4.8' ],
69 silly audit   '@expo/prebuild-config': [ '54.0.8' ],
69 silly audit   '@expo/schema-utils': [ '0.1.8' ],
69 silly audit   '@expo/sdk-runtime-versions': [ '1.0.0' ],
69 silly audit   '@expo/spawn-async': [ '1.7.2' ],
69 silly audit   '@expo/sudo-prompt': [ '9.3.2' ],
69 silly audit   '@expo/vector-icons': [ '15.0.3' ],
69 silly audit   '@expo/ws-tunnel': [ '1.0.6' ],
69 silly audit   '@expo/xcpretty': [ '4.4.1' ],
69 silly audit   argparse: [ '2.0.1', '1.0.10' ],
69 silly audit   'js-yaml': [ '4.1.1', '3.14.2' ],
69 silly audit   '@hapi/hoek': [ '9.3.0' ],
69 silly audit   '@hapi/topo': [ '5.1.0' ],
69 silly audit   '@isaacs/fs-minipass': [ '4.0.1' ],
69 silly audit   '@isaacs/ttlcache': [ '1.4.1' ],
69 silly audit   '@istanbuljs/load-nyc-config': [ '1.1.0' ],
69 silly audit   camelcase: [ '5.3.1', '6.3.0' ],
69 silly audit   '@istanbuljs/schema': [ '0.1.3' ],
69 silly audit   '@jest/create-cache-key-function': [ '29.7.0' ],
69 silly audit   '@jest/environment': [ '29.7.0' ],
69 silly audit   '@jest/fake-timers': [ '29.7.0' ],
69 silly audit   '@jest/schemas': [ '29.6.3' ],
69 silly audit   '@jest/transform': [ '29.7.0' ],
69 silly audit   '@jest/types': [ '29.6.3' ],
69 silly audit   '@jridgewell/gen-mapping': [ '0.3.13' ],
69 silly audit   '@jridgewell/remapping': [ '2.3.5' ],
69 silly audit   '@jridgewell/resolve-uri': [ '3.1.2' ],
69 silly audit   '@jridgewell/source-map': [ '0.3.11' ],
69 silly audit   '@jridgewell/sourcemap-codec': [ '1.5.5' ],
69 silly audit   '@jridgewell/trace-mapping': [ '0.3.31' ],
69 silly audit   '@nodelib/fs.scandir': [ '2.1.5' ],
69 silly audit   '@nodelib/fs.stat': [ '2.0.5' ],
69 silly audit   '@nodelib/fs.walk': [ '1.2.8' ],
69 silly audit   '@react-native-async-storage/async-storage': [ '2.2.0' ],
69 silly audit   '@react-native-community/cli': [ '20.1.3' ],
69 silly audit   '@react-native-community/cli-clean': [ '20.1.3' ],
69 silly audit   '@react-native-community/cli-config': [ '20.1.3' ],
69 silly audit   '@react-native-community/cli-config-android': [ '20.1.3' ],
69 silly audit   '@react-native-community/cli-config-apple': [ '20.1.3' ],
69 silly audit   '@react-native-community/cli-doctor': [ '20.1.3' ],
69 silly audit   'cli-cursor': [ '3.1.0', '2.1.0' ],
69 silly audit   'log-symbols': [ '4.1.0', '2.2.0' ],
69 silly audit   'mimic-fn': [ '2.1.0', '1.2.0' ],
69 silly audit   onetime: [ '5.1.2', '2.0.1' ],
69 silly audit   ora: [ '5.4.1', '3.4.0' ],
69 silly audit   'restore-cursor': [ '3.1.0', '2.0.0' ],
69 silly audit   '@react-native-community/cli-platform-android': [ '20.1.3' ],
69 silly audit   '@react-native-community/cli-platform-apple': [ '20.1.3' ],
69 silly audit   '@react-native-community/cli-platform-ios': [ '20.1.3' ],
69 silly audit   '@react-native-community/cli-server-api': [ '20.1.3' ],
69 silly audit   'is-wsl': [ '1.1.0', '2.2.0' ],
69 silly audit   open: [ '6.4.0', '8.4.2', '7.4.2' ],
69 silly audit   ws: [ '6.2.3', '8.19.0', '7.5.10' ],
69 silly audit   '@react-native-community/cli-tools': [ '20.1.3' ],
69 silly audit   'find-up': [ '5.0.0', '4.1.0', '3.0.0' ],
69 silly audit   'locate-path': [ '6.0.0', '5.0.0', '3.0.0' ],
69 silly audit   mime: [ '2.6.0', '1.6.0' ],
69 silly audit   'p-locate': [ '5.0.0', '4.1.0', '3.0.0' ],
69 silly audit   '@react-native-community/cli-types': [ '20.1.3' ],
69 silly audit   commander: [ '9.5.0', '7.2.0', '12.1.0', '4.1.1', '2.20.3' ],
69 silly audit   '@react-native-picker/picker': [ '2.11.4' ],
69 silly audit   '@react-native/assets-registry': [ '0.81.5' ],
69 silly audit   '@react-native/babel-plugin-codegen': [ '0.81.5', '0.85.0' ],
69 silly audit   '@react-native/babel-preset': [ '0.81.5', '0.85.0' ],
69 silly audit   '@react-native/codegen': [ '0.81.5', '0.85.0' ],
69 silly audit   'brace-expansion': [ '1.1.12', '2.0.2', '5.0.4' ],
69 silly audit   glob: [ '7.2.3', '9.3.5', '13.0.0' ],
69 silly audit   minimatch: [ '3.1.5', '8.0.7', '10.2.4', '9.0.9' ],
69 silly audit   '@react-native/community-cli-plugin': [ '0.81.5' ],
69 silly audit   '@react-native/debugger-frontend': [ '0.81.5' ],
69 silly audit   '@react-native/dev-middleware': [ '0.81.5' ],
69 silly audit   '@react-native/gradle-plugin': [ '0.81.5' ],
69 silly audit   '@react-native/js-polyfills': [ '0.81.5', '0.85.0' ],
69 silly audit   '@react-native/metro-babel-transformer': [ '0.85.0' ],
69 silly audit   'babel-plugin-syntax-hermes-parser': [ '0.33.3', '0.29.1' ],
69 silly audit   '@react-native/metro-config': [ '0.85.0' ],
69 silly audit   accepts: [ '2.0.0', '1.3.8' ],
69 silly audit   metro: [ '0.84.2', '0.83.3' ],
69 silly audit   'metro-babel-transformer': [ '0.84.2', '0.83.3' ],
69 silly audit   'metro-cache': [ '0.84.2', '0.83.3' ],
69 silly audit   'metro-cache-key': [ '0.84.2', '0.83.3' ],
69 silly audit   'metro-config': [ '0.84.2', '0.83.3' ],
69 silly audit   'metro-core': [ '0.84.2', '0.83.3' ],
69 silly audit   'metro-file-map': [ '0.84.2', '0.83.3' ],
69 silly audit   'metro-minify-terser': [ '0.84.2', '0.83.3' ],
69 silly audit   'metro-resolver': [ '0.84.2', '0.83.3' ],
69 silly audit   'metro-runtime': [ '0.84.2', '0.83.3' ],
69 silly audit   'metro-source-map': [ '0.84.2', '0.83.3' ],
69 silly audit   'metro-symbolicate': [ '0.84.2', '0.83.3' ],
69 silly audit   'metro-transform-plugins': [ '0.84.2', '0.83.3' ],
69 silly audit   'metro-transform-worker': [ '0.84.2', '0.83.3' ],
69 silly audit   'mime-db': [ '1.54.0', '1.52.0' ],
69 silly audit   'mime-types': [ '3.0.2', '2.1.35' ],
69 silly audit   negotiator: [ '1.0.0', '0.6.4', '0.6.3' ],
69 silly audit   ob1: [ '0.84.2', '0.83.3' ],
69 silly audit   '@react-native/normalize-colors': [ '0.81.5', '0.74.89' ],
69 silly audit   '@react-navigation/bottom-tabs': [ '7.9.0' ],
69 silly audit   '@react-navigation/core': [ '7.13.7' ],
69 silly audit   '@react-navigation/elements': [ '2.9.3' ],
69 silly audit   '@react-navigation/native': [ '7.1.26' ],
69 silly audit   '@react-navigation/native-stack': [ '7.9.0' ],
69 silly audit   '@react-navigation/routers': [ '7.5.3' ],
69 silly audit   '@sideway/address': [ '4.1.5' ],
69 silly audit   '@sideway/formula': [ '3.0.1' ],
69 silly audit   '@sideway/pinpoint': [ '2.0.0' ],
69 silly audit   '@sinclair/typebox': [ '0.27.8' ],
69 silly audit   '@sindresorhus/is': [ '4.6.0' ],
69 silly audit   '@sinonjs/commons': [ '3.0.1' ],
69 silly audit   '@sinonjs/fake-timers': [ '10.3.0' ],
69 silly audit   '@supabase/auth-js': [ '2.95.3' ],
69 silly audit   '@supabase/functions-js': [ '2.95.3' ],
69 silly audit   '@supabase/postgrest-js': [ '2.95.3' ],
69 silly audit   '@supabase/realtime-js': [ '2.95.3' ],
69 silly audit   '@supabase/storage-js': [ '2.95.3' ],
69 silly audit   '@supabase/supabase-js': [ '2.95.3' ],
69 silly audit   '@szmarczak/http-timer': [ '4.0.6' ],
69 silly audit   '@types/babel__core': [ '7.20.5' ],
69 silly audit   '@types/babel__generator': [ '7.27.0' ],
69 silly audit   '@types/babel__template': [ '7.4.4' ],
69 silly audit   '@types/babel__traverse': [ '7.28.0' ],
69 silly audit   '@types/cacheable-request': [ '6.0.3' ],
69 silly audit   '@types/graceful-fs': [ '4.1.9' ],
69 silly audit   '@types/http-cache-semantics': [ '4.2.0' ],
69 silly audit   '@types/istanbul-lib-coverage': [ '2.0.6' ],
69 silly audit   '@types/istanbul-lib-report': [ '3.0.3' ],
69 silly audit   '@types/istanbul-reports': [ '3.0.4' ],
69 silly audit   '@types/keyv': [ '3.1.4' ],
69 silly audit   '@types/node': [ '25.0.6' ],
69 silly audit   '@types/phoenix': [ '1.6.7' ],
69 silly audit   '@types/responselike': [ '1.0.3' ],
69 silly audit   '@types/stack-utils': [ '2.0.3' ],
69 silly audit   '@types/ws': [ '8.18.1' ],
69 silly audit   '@types/yargs': [ '17.0.35' ],
69 silly audit   '@types/yargs-parser': [ '21.0.3' ],
69 silly audit   '@ungap/structured-clone': [ '1.3.0' ],
69 silly audit   '@urql/core': [ '5.2.0' ],
69 silly audit   '@urql/exchange-retry': [ '1.3.2' ],
69 silly audit   '@vscode/sudo-prompt': [ '9.3.2' ],
69 silly audit   '@xmldom/xmldom': [ '0.8.11' ],
69 silly audit   'abort-controller': [ '3.0.0' ],
69 silly audit   acorn: [ '8.15.0' ],
69 silly audit   'agent-base': [ '7.1.4' ],
69 silly audit   anser: [ '1.4.10' ],
69 silly audit   'ansi-escapes': [ '4.3.2' ],
69 silly audit   'type-fest': [ '0.21.3', '0.7.1' ],
69 silly audit   'ansi-fragments': [ '0.2.1' ],
69 silly audit   'ansi-regex': [ '4.1.1', '5.0.1' ],
69 silly audit   'strip-ansi': [ '5.2.0', '6.0.1' ],
69 silly audit   'color-convert': [ '1.9.3', '2.0.1' ],
69 silly audit   'color-name': [ '1.1.3', '1.1.4' ],
69 silly audit   'any-promise': [ '1.3.0' ],
69 silly audit   anymatch: [ '3.1.3' ],
69 silly audit   appdirsjs: [ '1.2.7' ],
69 silly audit   arg: [ '5.0.2' ],
69 silly audit   asap: [ '2.0.6' ],
69 silly audit   'astral-regex': [ '1.0.0' ],
69 silly audit   'async-limiter': [ '1.0.1' ],
69 silly audit   'babel-jest': [ '29.7.0' ],
69 silly audit   'babel-plugin-istanbul': [ '6.1.1' ],
69 silly audit   'babel-plugin-jest-hoist': [ '29.6.3' ],
69 silly audit   'babel-plugin-module-resolver': [ '5.0.3' ],
69 silly audit   'lru-cache': [ '10.4.3', '5.1.1', '11.2.4' ],
69 silly audit   minipass: [ '4.2.8', '7.1.3', '7.1.2' ],
69 silly audit   'path-scurry': [ '1.11.1', '2.0.1' ],
69 silly audit   'babel-plugin-polyfill-corejs2': [ '0.4.17' ],
69 silly audit   'babel-plugin-polyfill-corejs3': [ '0.13.0' ],
69 silly audit   'babel-plugin-polyfill-regenerator': [ '0.6.8' ],
69 silly audit   'babel-plugin-react-compiler': [ '1.0.0' ],
69 silly audit   'babel-plugin-react-native-web': [ '0.21.2' ],
69 silly audit   'babel-plugin-transform-flow-enums': [ '0.0.2' ],
69 silly audit   'babel-preset-current-node-syntax': [ '1.2.0' ],
69 silly audit   'babel-preset-expo': [ '54.0.10' ],
69 silly audit   'babel-preset-jest': [ '29.6.3' ],
69 silly audit   'balanced-match': [ '1.0.2', '4.0.4' ],
69 silly audit   'base64-js': [ '1.5.1' ],
69 silly audit   'baseline-browser-mapping': [ '2.9.14' ],
69 silly audit   'better-opn': [ '3.0.2' ],
69 silly audit   'big-integer': [ '1.6.52' ],
69 silly audit   bl: [ '4.1.0' ],
69 silly audit   'body-parser': [ '2.2.2' ],
69 silly audit   'on-finished': [ '2.4.1', '2.3.0' ],
69 silly audit   boolbase: [ '1.0.0' ],
69 silly audit   'bplist-creator': [ '0.1.0' ],
69 silly audit   'bplist-parser': [ '0.3.1' ],
69 silly audit   braces: [ '3.0.3' ],
69 silly audit   browserslist: [ '4.28.1' ],
69 silly audit   bser: [ '2.1.1' ],
69 silly audit   buffer: [ '5.7.1' ],
69 silly audit   'buffer-from': [ '1.1.2' ],
69 silly audit   bytes: [ '3.1.2' ],
69 silly audit   'cacheable-lookup': [ '5.0.4' ],
69 silly audit   'cacheable-request': [ '7.0.4' ],
69 silly audit   'call-bind-apply-helpers': [ '1.0.2' ],
69 silly audit   'call-bound': [ '1.0.4' ],
69 silly audit   callsites: [ '3.1.0' ],
69 silly audit   'caniuse-lite': [ '1.0.30001764' ],
69 silly audit   'escape-string-regexp': [ '1.0.5', '4.0.0', '2.0.0' ],
69 silly audit   chownr: [ '3.0.0' ],
69 silly audit   'chrome-launcher': [ '0.15.2' ],
69 silly audit   'chromium-edge-launcher': [ '0.2.0' ],
69 silly audit   'ci-info': [ '2.0.0', '3.9.0' ],
69 silly audit   'cli-spinners': [ '2.9.2' ],
69 silly audit   cliui: [ '8.0.1', '6.0.0', '7.0.4' ],
69 silly audit   clone: [ '1.0.4' ],
69 silly audit   'clone-response': [ '1.0.3' ],
69 silly audit   clsx: [ '2.1.1' ],
69 silly audit   color: [ '4.2.3', '3.2.1' ],
69 silly audit   'color-string': [ '1.9.1' ],
69 silly audit   colorette: [ '1.4.0' ],
69 silly audit   'command-exists': [ '1.2.9' ],
69 silly audit   compressible: [ '2.0.18' ],
69 silly audit   compression: [ '1.8.1' ],
69 silly audit   ms: [ '2.0.0', '2.1.3' ],
69 silly audit   'concat-map': [ '0.0.1' ],
69 silly audit   connect: [ '3.7.0' ],
69 silly audit   'content-type': [ '1.0.5' ],
69 silly audit   'convert-source-map': [ '2.0.0' ],
69 silly audit   'core-js-compat': [ '3.49.0' ],
69 silly audit   cosmiconfig: [ '9.0.1' ],
69 silly audit   'cross-fetch': [ '3.2.0' ],
69 silly audit   'cross-spawn': [ '7.0.6' ],
69 silly audit   'crypto-random-string': [ '2.0.0' ],
69 silly audit   'css-in-js-utils': [ '3.1.0' ],
69 silly audit   'css-select': [ '5.2.2' ],
69 silly audit   'css-tree': [ '1.1.3' ],
69 silly audit   'source-map': [ '0.6.1', '0.5.7' ],
69 silly audit   'css-what': [ '6.2.2' ],
69 silly audit   dayjs: [ '1.11.20' ],
69 silly audit   decamelize: [ '1.2.0' ],
69 silly audit   'decode-uri-component': [ '0.2.2' ],
69 silly audit   'decompress-response': [ '6.0.0' ],
69 silly audit   'mimic-response': [ '3.1.0', '1.0.1' ],
69 silly audit   'deep-extend': [ '0.6.0' ],
69 silly audit   defaults: [ '1.0.4' ],
69 silly audit   'defer-to-connect': [ '2.0.1' ],
69 silly audit   'define-lazy-prop': [ '2.0.0' ],
69 silly audit   depd: [ '2.0.0' ],
69 silly audit   destroy: [ '1.2.0' ],
69 silly audit   'detect-libc': [ '2.1.2' ],
69 silly audit   'dom-serializer': [ '2.0.0' ],
69 silly audit   domelementtype: [ '2.3.0' ],
69 silly audit   domhandler: [ '5.0.3' ],
69 silly audit   domutils: [ '3.2.2' ],
69 silly audit   dotenv: [ '16.4.7' ],
69 silly audit   'dotenv-expand': [ '11.0.7' ],
69 silly audit   'dunder-proto': [ '1.0.1' ],
69 silly audit   'ee-first': [ '1.1.1' ],
69 silly audit   'electron-to-chromium': [ '1.5.267' ],
69 silly audit   'emoji-regex': [ '8.0.0' ],
69 silly audit   encodeurl: [ '1.0.2', '2.0.0' ],
69 silly audit   'end-of-stream': [ '1.4.5' ],
69 silly audit   entities: [ '4.5.0' ],
69 silly audit   'env-editor': [ '0.4.2' ],
69 silly audit   'env-paths': [ '2.2.1' ],
69 silly audit   envinfo: [ '7.21.0' ],
69 silly audit   'error-ex': [ '1.3.4' ],
69 silly audit   'is-arrayish': [ '0.2.1', '0.3.4' ],
69 silly audit   'error-stack-parser': [ '2.1.4' ],
69 silly audit   errorhandler: [ '1.5.2' ],
69 silly audit   'es-define-property': [ '1.0.1' ],
69 silly audit   'es-errors': [ '1.3.0' ],
69 silly audit   'es-object-atoms': [ '1.1.1' ],
69 silly audit   escalade: [ '3.2.0' ],
69 silly audit   'escape-html': [ '1.0.3' ],
69 silly audit   esprima: [ '4.0.1' ],
69 silly audit   etag: [ '1.8.1' ],
69 silly audit   'event-target-shim': [ '5.0.1' ],
69 silly audit   execa: [ '5.1.1' ],
69 silly audit   'get-stream': [ '6.0.1', '5.2.0' ],
69 silly audit   expo: [ '54.0.33' ],
69 silly audit   'expo-font': [ '14.0.11' ],
69 silly audit   'expo-image-loader': [ '55.0.0' ],
69 silly audit   'expo-image-picker': [ '55.0.16' ],
69 silly audit   'expo-modules-autolinking': [ '3.0.24' ],
69 silly audit   'expo-modules-core': [ '3.0.29' ],
69 silly audit   'expo-print': [ '15.0.8' ],
69 silly audit   'expo-server': [ '1.0.5' ],
69 silly audit   'expo-sharing': [ '14.0.8' ],
69 silly audit   'expo-status-bar': [ '3.0.9' ],
69 silly audit   'expo-web-browser': [ '15.0.10' ],
69 silly audit   '@expo/cli': [ '54.0.23' ],
69 silly audit   'expo-asset': [ '12.0.12' ],
69 silly audit   'expo-constants': [ '18.0.13' ],
69 silly audit   'expo-file-system': [ '19.0.21' ],
69 silly audit   'expo-keep-awake': [ '15.0.8' ],
69 silly audit   picomatch: [ '3.0.1', '2.3.1', '4.0.3' ],
69 silly audit   'exponential-backoff': [ '3.1.3' ],
69 silly audit   'fast-deep-equal': [ '3.1.3' ],
69 silly audit   'fast-glob': [ '3.3.3' ],
69 silly audit   'fast-json-stable-stringify': [ '2.1.0' ],
69 silly audit   'fast-xml-builder': [ '1.1.4' ],
69 silly audit   'fast-xml-parser': [ '5.5.11' ],
69 silly audit   fastq: [ '1.20.1' ],
69 silly audit   'fb-watchman': [ '2.0.2' ],
69 silly audit   fbjs: [ '3.0.5' ],
69 silly audit   'fbjs-css-vars': [ '1.0.2' ],
69 silly audit   promise: [ '7.3.1', '8.3.0' ],
69 silly audit   'fill-range': [ '7.1.1' ],
69 silly audit   'filter-obj': [ '1.1.0' ],
69 silly audit   finalhandler: [ '1.1.2' ],
69 silly audit   'find-babel-config': [ '2.1.2' ],
69 silly audit   'flow-enums-runtime': [ '0.0.6' ],
69 silly audit   fontfaceobserver: [ '2.3.0' ],
69 silly audit   'freeport-async': [ '2.0.0' ],
69 silly audit   fresh: [ '0.5.2' ],
69 silly audit   'fs-extra': [ '8.1.0' ],
69 silly audit   'fs.realpath': [ '1.0.0' ],
69 silly audit   fsevents: [ '2.3.3' ],
69 silly audit   'function-bind': [ '1.1.2' ],
69 silly audit   gensync: [ '1.0.0-beta.2' ],
69 silly audit   'get-caller-file': [ '2.0.5' ],
69 silly audit   'get-intrinsic': [ '1.3.0' ],
69 silly audit   'get-package-type': [ '0.1.0' ],
69 silly audit   'get-proto': [ '1.0.1' ],
69 silly audit   getenv: [ '2.0.0' ],
69 silly audit   'glob-parent': [ '5.1.2' ],
69 silly audit   'global-dirs': [ '0.1.1' ],
69 silly audit   gopd: [ '1.2.0' ],
69 silly audit   got: [ '11.8.6' ],
69 silly audit   'graceful-fs': [ '4.2.11' ],
69 silly audit   'has-symbols': [ '1.1.0' ],
69 silly audit   hasown: [ '2.0.2' ],
69 silly audit   'hoist-non-react-statics': [ '3.3.2' ],
69 silly audit   'react-is': [ '16.13.1', '18.3.1', '19.2.3' ],
69 silly audit   'hosted-git-info': [ '7.0.2' ],
69 silly audit   'http-cache-semantics': [ '4.2.0' ],
69 silly audit   'http-errors': [ '2.0.1' ],
69 silly audit   statuses: [ '2.0.2', '1.5.0' ],
69 silly audit   'http2-wrapper': [ '1.0.3' ],
69 silly audit   'https-proxy-agent': [ '7.0.6' ],
69 silly audit   'human-signals': [ '2.1.0' ],
69 silly audit   'hyphenate-style-name': [ '1.1.0' ],
69 silly audit   'iceberg-js': [ '0.8.1' ],
69 silly audit   'iconv-lite': [ '0.7.2' ],
69 silly audit   ieee754: [ '1.2.1' ],
69 silly audit   ignore: [ '5.3.2' ],
69 silly audit   'image-size': [ '1.2.1' ],
69 silly audit   'import-fresh': [ '3.3.1' ],
69 silly audit   'resolve-from': [ '4.0.0', '5.0.0' ],
69 silly audit   imurmurhash: [ '0.1.4' ],
69 silly audit   inflight: [ '1.0.6' ],
69 silly audit   inherits: [ '2.0.4' ],
69 silly audit   ini: [ '1.3.8' ],
69 silly audit   'inline-style-prefixer': [ '7.0.1' ],
69 silly audit   invariant: [ '2.2.4' ],
69 silly audit   'is-core-module': [ '2.16.1' ],
69 silly audit   'is-docker': [ '2.2.1' ],
69 silly audit   'is-extglob': [ '2.1.1' ],
69 silly audit   'is-fullwidth-code-point': [ '3.0.0', '2.0.0' ],
69 silly audit   'is-glob': [ '4.0.3' ],
69 silly audit   'is-interactive': [ '1.0.0' ],
69 silly audit   'is-number': [ '7.0.0' ],
69 silly audit   'is-plain-obj': [ '2.1.0' ],
69 silly audit   'is-stream': [ '2.0.1' ],
69 silly audit   'is-unicode-supported': [ '0.1.0' ],
69 silly audit   isexe: [ '2.0.0' ],
69 silly audit   'istanbul-lib-coverage': [ '3.2.2' ],
69 silly audit   'istanbul-lib-instrument': [ '5.2.1' ],
69 silly audit   'jest-environment-node': [ '29.7.0' ],
69 silly audit   'jest-get-type': [ '29.6.3' ],
69 silly audit   'jest-haste-map': [ '29.7.0' ],
69 silly audit   'jest-message-util': [ '29.7.0' ],
69 silly audit   'jest-mock': [ '29.7.0' ],
69 silly audit   'jest-regex-util': [ '29.6.3' ],
69 silly audit   'jest-util': [ '29.7.0' ],
69 silly audit   'jest-validate': [ '29.7.0' ],
69 silly audit   'jest-worker': [ '29.7.0' ],
69 silly audit   'jimp-compact': [ '0.16.1' ],
69 silly audit   joi: [ '17.13.3' ],
69 silly audit   'js-tokens': [ '4.0.0' ],
69 silly audit   'jsc-safe-url': [ '0.2.4' ],
69 silly audit   jsesc: [ '3.1.0' ],
69 silly audit   'json-buffer': [ '3.0.1' ],
69 silly audit   'json-parse-even-better-errors': [ '2.3.1' ],
69 silly audit   json5: [ '2.2.3' ],
69 silly audit   jsonfile: [ '4.0.0' ],
69 silly audit   keyv: [ '4.5.4' ],
69 silly audit   kleur: [ '3.0.3' ],
69 silly audit   'lan-network': [ '0.1.7' ],
69 silly audit   'launch-editor': [ '2.13.2' ],
69 silly audit   leven: [ '3.1.0' ],
69 silly audit   'lighthouse-logger': [ '1.4.2' ],
69 silly audit   lightningcss: [ '1.32.0' ],
69 silly audit   'lightningcss-android-arm64': [ '1.32.0' ],
69 silly audit   'lightningcss-darwin-arm64': [ '1.32.0' ],
69 silly audit   'lightningcss-darwin-x64': [ '1.32.0' ],
69 silly audit   'lightningcss-freebsd-x64': [ '1.32.0' ],
69 silly audit   'lightningcss-linux-arm-gnueabihf': [ '1.32.0' ],
69 silly audit   'lightningcss-linux-arm64-gnu': [ '1.32.0' ],
69 silly audit   'lightningcss-linux-arm64-musl': [ '1.32.0' ],
69 silly audit   'lightningcss-linux-x64-gnu': [ '1.32.0' ],
69 silly audit   'lightningcss-linux-x64-musl': [ '1.32.0' ],
69 silly audit   'lightningcss-win32-arm64-msvc': [ '1.32.0' ],
69 silly audit   'lightningcss-win32-x64-msvc': [ '1.32.0' ],
69 silly audit   'lines-and-columns': [ '1.2.4' ],
69 silly audit   'lodash.debounce': [ '4.0.8' ],
69 silly audit   'lodash.throttle': [ '4.1.1' ],
69 silly audit   logkitty: [ '0.7.1' ],
69 silly audit   'wrap-ansi': [ '6.2.0', '7.0.0' ],
69 silly audit   y18n: [ '4.0.3', '5.0.8' ],
69 silly audit   yargs: [ '15.4.1', '16.2.0', '17.7.2' ],
69 silly audit   'yargs-parser': [ '18.1.3', '20.2.9', '21.1.1' ],
69 silly audit   'loose-envify': [ '1.4.0' ],
69 silly audit   'lowercase-keys': [ '2.0.0' ],
69 silly audit   'lucide-react-native': [ '0.562.0' ],
69 silly audit   makeerror: [ '1.0.12' ],
69 silly audit   marky: [ '1.3.0' ],
69 silly audit   'math-intrinsics': [ '1.1.0' ],
69 silly audit   'mdn-data': [ '2.0.14' ],
69 silly audit   'media-typer': [ '1.1.0' ],
69 silly audit   'memoize-one': [ '5.2.1', '6.0.0' ],
69 silly audit   'merge-options': [ '3.0.4' ],
69 silly audit   'merge-stream': [ '2.0.0' ],
69 silly audit   merge2: [ '1.4.1' ],
69 silly audit   micromatch: [ '4.0.8' ],
69 silly audit   minimist: [ '1.2.8' ],
69 silly audit   minizlib: [ '3.1.0' ],
69 silly audit   mkdirp: [ '1.0.4' ],
69 silly audit   mz: [ '2.7.0' ],
69 silly audit   nanoid: [ '3.3.11' ],
69 silly audit   'nested-error-stacks': [ '2.0.1' ],
69 silly audit   nocache: [ '3.0.4' ],
69 silly audit   'node-fetch': [ '2.7.0' ],
69 silly audit   'node-forge': [ '1.3.3' ],
69 silly audit   'node-int64': [ '0.4.0' ],
69 silly audit   'node-releases': [ '2.0.27' ],
69 silly audit   'node-stream-zip': [ '1.15.0' ],
69 silly audit   'normalize-path': [ '3.0.0' ],
69 silly audit   'normalize-url': [ '6.1.0' ],
69 silly audit   'npm-package-arg': [ '11.0.3' ],
69 silly audit   'npm-run-path': [ '4.0.1' ],
69 silly audit   'nth-check': [ '2.1.1' ],
69 silly audit   nullthrows: [ '1.1.1' ],
69 silly audit   'object-assign': [ '4.1.1' ],
69 silly audit   'object-inspect': [ '1.13.4' ],
69 silly audit   'on-headers': [ '1.1.0' ],
69 silly audit   once: [ '1.4.0' ],
69 silly audit   'p-cancelable': [ '2.1.1' ],
69 silly audit   'p-limit': [ '3.1.0', '2.3.0' ],
69 silly audit   'p-try': [ '2.2.0' ],
69 silly audit   'parent-module': [ '1.0.1' ],
69 silly audit   'parse-json': [ '5.2.0' ],
69 silly audit   'parse-png': [ '2.1.0' ],
69 silly audit   parseurl: [ '1.3.3' ],
69 silly audit   'path-exists': [ '4.0.0', '3.0.0' ],
69 silly audit   'path-expression-matcher': [ '1.4.0' ],
69 silly audit   'path-is-absolute': [ '1.0.1' ],
69 silly audit   'path-key': [ '3.1.1' ],
69 silly audit   'path-parse': [ '1.0.7' ],
69 silly audit   picocolors: [ '1.1.1' ],
69 silly audit   pirates: [ '4.0.7' ],
69 silly audit   'pkg-up': [ '3.1.0' ],
69 silly audit   plist: [ '3.1.0' ],
69 silly audit   pngjs: [ '3.4.0' ],
69 silly audit   postcss: [ '8.4.49' ],
69 silly audit   'postcss-value-parser': [ '4.2.0' ],
69 silly audit   'pretty-bytes': [ '5.6.0' ],
69 silly audit   'pretty-format': [ '29.7.0' ],
69 silly audit   'proc-log': [ '4.2.0' ],
69 silly audit   progress: [ '2.0.3' ],
69 silly audit   prompts: [ '2.4.2' ],
69 silly audit   'prop-types': [ '15.8.1' ],
69 silly audit   pump: [ '3.0.3' ],
69 silly audit   punycode: [ '2.3.1' ],
69 silly audit   'qrcode-terminal': [ '0.11.0' ],
69 silly audit   qs: [ '6.15.1' ],
69 silly audit   'query-string': [ '7.1.3' ],
69 silly audit   queue: [ '6.0.2' ],
69 silly audit   'queue-microtask': [ '1.2.3' ],
69 silly audit   'quick-lru': [ '5.1.1' ],
69 silly audit   'range-parser': [ '1.2.1' ],
69 silly audit   'raw-body': [ '3.0.2' ],
69 silly audit   rc: [ '1.2.8' ],
69 silly audit   react: [ '19.1.0' ],
69 silly audit   'react-devtools-core': [ '6.1.5' ],
69 silly audit   'react-dom': [ '19.1.0' ],
69 silly audit   'react-freeze': [ '1.0.4' ],
69 silly audit   'react-native': [ '0.81.5' ],
69 silly audit   'react-native-iphone-x-helper': [ '1.3.1' ],
69 silly audit   'react-native-is-edge-to-edge': [ '1.2.1' ],
69 silly audit   'react-native-paper': [ '4.9.2' ],
69 silly audit   'react-native-safe-area-context': [ '5.6.2' ],
69 silly audit   'react-native-screens': [ '4.16.0' ],
69 silly audit   'react-native-svg': [ '15.12.1' ],
69 silly audit   'react-native-toast-message': [ '2.3.3' ],
69 silly audit   'react-native-url-polyfill': [ '3.0.0' ],
69 silly audit   'react-native-vector-icons': [ '10.3.0' ],
69 silly audit   'react-native-web': [ '0.21.2' ],
69 silly audit   '@react-native/virtualized-lists': [ '0.81.5' ],
69 silly audit   'react-refresh': [ '0.14.2', '0.4.3' ],
69 silly audit   'readable-stream': [ '3.6.2' ],
69 silly audit   regenerate: [ '1.4.2' ],
69 silly audit   'regenerate-unicode-properties': [ '10.2.2' ],
69 silly audit   'regenerator-runtime': [ '0.13.11' ],
69 silly audit   'regexpu-core': [ '6.4.0' ],
69 silly audit   regjsgen: [ '0.8.0' ],
69 silly audit   regjsparser: [ '0.13.0' ],
69 silly audit   'require-directory': [ '2.1.1' ],
69 silly audit   'require-from-string': [ '2.0.2' ],
69 silly audit   'require-main-filename': [ '2.0.0' ],
69 silly audit   requireg: [ '0.2.2' ],
69 silly audit   resolve: [ '1.7.1', '1.22.11' ],
69 silly audit   reselect: [ '4.1.8' ],
69 silly audit   'resolve-alpn': [ '1.2.1' ],
69 silly audit   'resolve-global': [ '1.0.0' ],
69 silly audit   'resolve-workspace-root': [ '2.0.1' ],
69 silly audit   'resolve.exports': [ '2.0.3' ],
69 silly audit   responselike: [ '2.0.1' ],
69 silly audit   reusify: [ '1.1.0' ],
69 silly audit   rimraf: [ '3.0.2' ],
69 silly audit   'run-parallel': [ '1.2.0' ],
69 silly audit   'safe-buffer': [ '5.2.1' ],
69 silly audit   'safer-buffer': [ '2.1.2' ],
69 silly audit   sax: [ '1.4.4' ],
69 silly audit   scheduler: [ '0.26.0' ],
69 silly audit   send: [ '0.19.2' ],
69 silly audit   'serialize-error': [ '2.1.0' ],
69 silly audit   'serve-static': [ '1.16.3' ],
69 silly audit   'set-blocking': [ '2.0.0' ],
69 silly audit   setimmediate: [ '1.0.5' ],
69 silly audit   setprototypeof: [ '1.2.0' ],
69 silly audit   'sf-symbols-typescript': [ '2.2.0' ],
69 silly audit   'shebang-command': [ '2.0.0' ],
69 silly audit   'shebang-regex': [ '3.0.0' ],
69 silly audit   'shell-quote': [ '1.8.3' ],
69 silly audit   'side-channel': [ '1.1.0' ],
69 silly audit   'side-channel-list': [ '1.0.1' ],
69 silly audit   'side-channel-map': [ '1.0.1' ],
69 silly audit   'side-channel-weakmap': [ '1.0.2' ],
69 silly audit   'signal-exit': [ '3.0.7' ],
69 silly audit   'simple-plist': [ '1.3.1' ],
69 silly audit   'simple-swizzle': [ '0.2.4' ],
69 silly audit   sisteransi: [ '1.0.5' ],
69 silly audit   slash: [ '3.0.0' ],
69 silly audit   'slice-ansi': [ '2.1.0' ],
69 silly audit   slugify: [ '1.6.6' ],
69 silly audit   'source-map-js': [ '1.2.1' ],
69 silly audit   'source-map-support': [ '0.5.21' ],
69 silly audit   'split-on-first': [ '1.1.0' ],
69 silly audit   'sprintf-js': [ '1.0.3' ],
69 silly audit   'stack-utils': [ '2.0.6' ],
69 silly audit   stackframe: [ '1.3.4' ],
69 silly audit   'stacktrace-parser': [ '0.1.11' ],
69 silly audit   'stream-buffers': [ '2.2.0' ],
69 silly audit   'strict-uri-encode': [ '2.0.0' ],
69 silly audit   'strict-url-sanitise': [ '0.0.1' ],
69 silly audit   string_decoder: [ '1.3.0' ],
69 silly audit   'string-width': [ '4.2.3' ],
69 silly audit   'strip-final-newline': [ '2.0.0' ],
69 silly audit   'strip-json-comments': [ '2.0.1' ],
69 silly audit   strnum: [ '2.2.3' ],
69 silly audit   'structured-headers': [ '0.4.1' ],
69 silly audit   styleq: [ '0.1.3' ],
69 silly audit   sucrase: [ '3.35.1' ],
69 silly audit   'supports-hyperlinks': [ '2.3.0' ],
69 silly audit   'supports-preserve-symlinks-flag': [ '1.0.0' ],
69 silly audit   tar: [ '7.5.12' ],
69 silly audit   yallist: [ '5.0.0', '3.1.1' ],
69 silly audit   'temp-dir': [ '2.0.0' ],
69 silly audit   'terminal-link': [ '2.1.1' ],
69 silly audit   terser: [ '5.44.1' ],
69 silly audit   'test-exclude': [ '6.0.0' ],
69 silly audit   thenify: [ '3.3.1' ],
69 silly audit   'thenify-all': [ '1.6.0' ],
69 silly audit   throat: [ '5.0.0' ],
69 silly audit   tinyglobby: [ '0.2.15' ],
69 silly audit   fdir: [ '6.5.0' ],
69 silly audit   tmpl: [ '1.0.5' ],
69 silly audit   'to-regex-range': [ '5.0.1' ],
69 silly audit   toidentifier: [ '1.0.1' ],
69 silly audit   tr46: [ '0.0.3' ],
69 silly audit   'ts-interface-checker': [ '0.1.13' ],
69 silly audit   tslib: [ '2.8.1' ],
69 silly audit   'type-detect': [ '4.0.8' ],
69 silly audit   'type-is': [ '2.0.1' ],
69 silly audit   'ua-parser-js': [ '1.0.41' ],
69 silly audit   undici: [ '6.24.1' ],
69 silly audit   'undici-types': [ '7.16.0' ],
69 silly audit   'unicode-canonical-property-names-ecmascript': [ '2.0.1' ],
69 silly audit   'unicode-match-property-ecmascript': [ '2.0.0' ],
69 silly audit   'unicode-match-property-value-ecmascript': [ '2.2.1' ],
69 silly audit   'unicode-property-aliases-ecmascript': [ '2.2.0' ],
69 silly audit   'unique-string': [ '2.0.0' ],
69 silly audit   universalify: [ '0.1.2' ],
69 silly audit   unpipe: [ '1.0.0' ],
69 silly audit   'update-browserslist-db': [ '1.2.3' ],
69 silly audit   'use-latest-callback': [ '0.2.6' ],
69 silly audit   'use-sync-external-store': [ '1.6.0' ],
69 silly audit   'util-deprecate': [ '1.0.2' ],
69 silly audit   'utils-merge': [ '1.0.1' ],
69 silly audit   'validate-npm-package-name': [ '5.0.1' ],
69 silly audit   vary: [ '1.1.2' ],
69 silly audit   vlq: [ '1.0.1' ],
69 silly audit   walker: [ '1.0.8' ],
69 silly audit   'warn-once': [ '0.1.1' ],
69 silly audit   wcwidth: [ '1.0.1' ],
69 silly audit   'webidl-conversions': [ '5.0.0', '3.0.1' ],
69 silly audit   'whatwg-fetch': [ '3.6.20' ],
69 silly audit   'whatwg-url': [ '5.0.0' ],
69 silly audit   'whatwg-url-without-unicode': [ '8.0.0-3' ],
69 silly audit   which: [ '2.0.2' ],
69 silly audit   'which-module': [ '2.0.1' ],
69 silly audit   wonka: [ '6.3.5' ],
69 silly audit   wrappy: [ '1.0.2' ],
69 silly audit   'write-file-atomic': [ '4.0.2' ],
69 silly audit   xcode: [ '3.0.1' ],
69 silly audit   xml2js: [ '0.6.0' ],
69 silly audit   xmlbuilder: [ '11.0.1', '15.1.1' ],
69 silly audit   'yocto-queue': [ '0.1.0' ],
69 silly audit   'metro-react-native-babel-preset': [ '0.77.0' ],
69 silly audit   '@babel/plugin-proposal-async-generator-functions': [ '7.20.7' ],
69 silly audit   '@babel/plugin-proposal-class-properties': [ '7.18.6' ],
69 silly audit   '@babel/plugin-proposal-nullish-coalescing-operator': [ '7.18.6' ],
69 silly audit   '@babel/plugin-proposal-numeric-separator': [ '7.18.6' ],
69 silly audit   '@babel/plugin-proposal-object-rest-spread': [ '7.20.7' ],
69 silly audit   '@babel/plugin-proposal-optional-catch-binding': [ '7.18.6' ],
69 silly audit   '@babel/plugin-proposal-optional-chaining': [ '7.21.0' ],
69 silly audit   '@babel/helper-environment-visitor': [ '7.24.7' ]
69 silly audit }
70 http cache @babel/helper-environment-visitor@https://registry.npmjs.org/@babel/helper-environment-visitor/-/helper-environment-visitor-7.24.7.tgz 1ms (cache hit)
71 http cache @babel/plugin-proposal-optional-chaining@https://registry.npmjs.org/@babel/plugin-proposal-optional-chaining/-/plugin-proposal-optional-chaining-7.21.0.tgz 0ms (cache hit)
72 http cache @babel/plugin-proposal-optional-catch-binding@https://registry.npmjs.org/@babel/plugin-proposal-optional-catch-binding/-/plugin-proposal-optional-catch-binding-7.18.6.tgz 0ms (cache hit)
73 http cache @babel/plugin-proposal-object-rest-spread@https://registry.npmjs.org/@babel/plugin-proposal-object-rest-spread/-/plugin-proposal-object-rest-spread-7.20.7.tgz 0ms (cache hit)
74 http cache @babel/plugin-proposal-numeric-separator@https://registry.npmjs.org/@babel/plugin-proposal-numeric-separator/-/plugin-proposal-numeric-separator-7.18.6.tgz 0ms (cache hit)
75 http cache @babel/plugin-proposal-nullish-coalescing-operator@https://registry.npmjs.org/@babel/plugin-proposal-nullish-coalescing-operator/-/plugin-proposal-nullish-coalescing-operator-7.18.6.tgz 0ms (cache hit)
76 http cache @babel/plugin-proposal-class-properties@https://registry.npmjs.org/@babel/plugin-proposal-class-properties/-/plugin-proposal-class-properties-7.18.6.tgz 0ms (cache hit)
77 http cache @babel/plugin-proposal-async-generator-functions@https://registry.npmjs.org/@babel/plugin-proposal-async-generator-functions/-/plugin-proposal-async-generator-functions-7.20.7.tgz 0ms (cache hit)
78 http cache metro-react-native-babel-preset@https://registry.npmjs.org/metro-react-native-babel-preset/-/metro-react-native-babel-preset-0.77.0.tgz 0ms (cache hit)
79 http cache react-refresh@https://registry.npmjs.org/react-refresh/-/react-refresh-0.4.3.tgz 0ms (cache hit)
80 silly tarball no local data for @babel/helper-environment-visitor@https://registry.npmjs.org/@babel/helper-environment-visitor/-/helper-environment-visitor-7.24.7.tgz. Extracting by manifest.
81 silly tarball no local data for @babel/plugin-proposal-optional-chaining@https://registry.npmjs.org/@babel/plugin-proposal-optional-chaining/-/plugin-proposal-optional-chaining-7.21.0.tgz. Extracting by manifest.
82 silly tarball no local data for @babel/plugin-proposal-optional-catch-binding@https://registry.npmjs.org/@babel/plugin-proposal-optional-catch-binding/-/plugin-proposal-optional-catch-binding-7.18.6.tgz. Extracting by manifest.
83 silly tarball no local data for @babel/plugin-proposal-object-rest-spread@https://registry.npmjs.org/@babel/plugin-proposal-object-rest-spread/-/plugin-proposal-object-rest-spread-7.20.7.tgz. Extracting by manifest.
84 silly tarball no local data for @babel/plugin-proposal-numeric-separator@https://registry.npmjs.org/@babel/plugin-proposal-numeric-separator/-/plugin-proposal-numeric-separator-7.18.6.tgz. Extracting by manifest.
85 silly tarball no local data for @babel/plugin-proposal-nullish-coalescing-operator@https://registry.npmjs.org/@babel/plugin-proposal-nullish-coalescing-operator/-/plugin-proposal-nullish-coalescing-operator-7.18.6.tgz. Extracting by manifest.
86 silly tarball no local data for @babel/plugin-proposal-class-properties@https://registry.npmjs.org/@babel/plugin-proposal-class-properties/-/plugin-proposal-class-properties-7.18.6.tgz. Extracting by manifest.
87 silly tarball no local data for @babel/plugin-proposal-async-generator-functions@https://registry.npmjs.org/@babel/plugin-proposal-async-generator-functions/-/plugin-proposal-async-generator-functions-7.20.7.tgz. Extracting by manifest.
88 silly tarball no local data for metro-react-native-babel-preset@https://registry.npmjs.org/metro-react-native-babel-preset/-/metro-react-native-babel-preset-0.77.0.tgz. Extracting by manifest.
89 silly tarball no local data for react-refresh@https://registry.npmjs.org/react-refresh/-/react-refresh-0.4.3.tgz. Extracting by manifest.
90 http fetch GET 200 https://registry.npmjs.org/@babel/helper-environment-visitor/-/helper-environment-visitor-7.24.7.tgz 323ms (cache miss)
91 http fetch POST 200 https://registry.npmjs.org/-/npm/v1/security/advisories/bulk 418ms
92 silly audit report {
92 silly audit report   yaml: [
92 silly audit report     {
92 silly audit report       id: 1115555,
92 silly audit report       url: 'https://github.com/advisories/GHSA-48c2-rrv3-qjmp',
92 silly audit report       title: 'yaml is vulnerable to Stack Overflow via deeply nested YAML collections',
92 silly audit report       severity: 'moderate',
92 silly audit report       vulnerable_versions: '>=1.0.0 <1.10.3',
92 silly audit report       cwe: [Array],
92 silly audit report       cvss: [Object]
92 silly audit report     },
92 silly audit report     {
92 silly audit report       id: 1115556,
92 silly audit report       url: 'https://github.com/advisories/GHSA-48c2-rrv3-qjmp',
92 silly audit report       title: 'yaml is vulnerable to Stack Overflow via deeply nested YAML collections',
92 silly audit report       severity: 'moderate',
92 silly audit report       vulnerable_versions: '>=2.0.0 <2.8.3',
92 silly audit report       cwe: [Array],
92 silly audit report       cvss: [Object]
92 silly audit report     }
92 silly audit report   ],
92 silly audit report   'brace-expansion': [
92 silly audit report     {
92 silly audit report       id: 1115540,
92 silly audit report       url: 'https://github.com/advisories/GHSA-f886-m6hf-6m8v',
92 silly audit report       title: 'brace-expansion: Zero-step sequence causes process hang and memory exhaustion',
92 silly audit report       severity: 'moderate',
92 silly audit report       vulnerable_versions: '<1.1.13',
92 silly audit report       cwe: [Array],
92 silly audit report       cvss: [Object]
92 silly audit report     },
92 silly audit report     {
92 silly audit report       id: 1115541,
92 silly audit report       url: 'https://github.com/advisories/GHSA-f886-m6hf-6m8v',
92 silly audit report       title: 'brace-expansion: Zero-step sequence causes process hang and memory exhaustion',
92 silly audit report       severity: 'moderate',
92 silly audit report       vulnerable_versions: '>=2.0.0 <2.0.3',
92 silly audit report       cwe: [Array],
92 silly audit report       cvss: [Object]
92 silly audit report     },
92 silly audit report     {
92 silly audit report       id: 1115543,
92 silly audit report       url: 'https://github.com/advisories/GHSA-f886-m6hf-6m8v',
92 silly audit report       title: 'brace-expansion: Zero-step sequence causes process hang and memory exhaustion',
92 silly audit report       severity: 'moderate',
92 silly audit report       vulnerable_versions: '>=4.0.0 <5.0.5',
92 silly audit report       cwe: [Array],
92 silly audit report       cvss: [Object]
92 silly audit report     }
92 silly audit report   ],
92 silly audit report   '@xmldom/xmldom': [
92 silly audit report     {
92 silly audit report       id: 1115997,
92 silly audit report       url: 'https://github.com/advisories/GHSA-wh4c-j3r5-mjhp',
92 silly audit report       title: 'xmldom: XML injection via unsafe CDATA serialization allows attacker-controlled markup insertion',
92 silly audit report       severity: 'high',
92 silly audit report       vulnerable_versions: '<0.8.12',
92 silly audit report       cwe: [Array],
92 silly audit report       cvss: [Object]
92 silly audit report     }
92 silly audit report   ],
92 silly audit report   picomatch: [
92 silly audit report     {
92 silly audit report       id: 1115549,
92 silly audit report       url: 'https://github.com/advisories/GHSA-3v7f-55p6-f55p',
92 silly audit report       title: 'Picomatch: Method Injection in POSIX Character Classes causes incorrect Glob Matching',
92 silly audit report       severity: 'moderate',
92 silly audit report       vulnerable_versions: '<2.3.2',
92 silly audit report       cwe: [Array],
92 silly audit report       cvss: [Object]
92 silly audit report     },
92 silly audit report     {
92 silly audit report       id: 1115550,
92 silly audit report       url: 'https://github.com/advisories/GHSA-3v7f-55p6-f55p',
92 silly audit report       title: 'Picomatch: Method Injection in POSIX Character Classes causes incorrect Glob Matching',
92 silly audit report       severity: 'moderate',
92 silly audit report       vulnerable_versions: '>=3.0.0 <3.0.2',
92 silly audit report       cwe: [Array],
92 silly audit report       cvss: [Object]
92 silly audit report     },
92 silly audit report     {
92 silly audit report       id: 1115551,
92 silly audit report       url: 'https://github.com/advisories/GHSA-3v7f-55p6-f55p',
92 silly audit report       title: 'Picomatch: Method Injection in POSIX Character Classes causes incorrect Glob Matching',
92 silly audit report       severity: 'moderate',
92 silly audit report       vulnerable_versions: '>=4.0.0 <4.0.4',
92 silly audit report       cwe: [Array],
92 silly audit report       cvss: [Object]
92 silly audit report     },
92 silly audit report     {
92 silly audit report       id: 1115552,
92 silly audit report       url: 'https://github.com/advisories/GHSA-c2c7-rcm5-vvqj',
92 silly audit report       title: 'Picomatch has a ReDoS vulnerability via extglob quantifiers',
92 silly audit report       severity: 'high',
92 silly audit report       vulnerable_versions: '<2.3.2',
92 silly audit report       cwe: [Array],
92 silly audit report       cvss: [Object]
92 silly audit report     },
92 silly audit report     {
92 silly audit report       id: 1115553,
92 silly audit report       url: 'https://github.com/advisories/GHSA-c2c7-rcm5-vvqj',
92 silly audit report       title: 'Picomatch has a ReDoS vulnerability via extglob quantifiers',
92 silly audit report       severity: 'high',
92 silly audit report       vulnerable_versions: '>=3.0.0 <3.0.2',
92 silly audit report       cwe: [Array],
92 silly audit report       cvss: [Object]
92 silly audit report     },
92 silly audit report     {
92 silly audit report       id: 1115554,
92 silly audit report       url: 'https://github.com/advisories/GHSA-c2c7-rcm5-vvqj',
92 silly audit report       title: 'Picomatch has a ReDoS vulnerability via extglob quantifiers',
92 silly audit report       severity: 'high',
92 silly audit report       vulnerable_versions: '>=4.0.0 <4.0.4',
92 silly audit report       cwe: [Array],
92 silly audit report       cvss: [Object]
92 silly audit report     }
92 silly audit report   ],
92 silly audit report   'node-forge': [
92 silly audit report     {
92 silly audit report       id: 1115545,
92 silly audit report       url: 'https://github.com/advisories/GHSA-2328-f5f3-gj25',
92 silly audit report       title: 'Forge has a basicConstraints bypass in its certificate chain verification (RFC 5280 violation)',
92 silly audit report       severity: 'high',
92 silly audit report       vulnerable_versions: '<=1.3.3',
92 silly audit report       cwe: [Array],
92 silly audit report       cvss: [Object]
92 silly audit report     },
92 silly audit report     {
92 silly audit report       id: 1115546,
92 silly audit report       url: 'https://github.com/advisories/GHSA-q67f-28xg-22rw',
92 silly audit report       title: 'Forge has signature forgery in Ed25519 due to missing S > L check',
92 silly audit report       severity: 'high',
92 silly audit report       vulnerable_versions: '<1.4.0',
92 silly audit report       cwe: [Array],
92 silly audit report       cvss: [Object]
92 silly audit report     },
92 silly audit report     {
92 silly audit report       id: 1115548,
92 silly audit report       url: 'https://github.com/advisories/GHSA-5m6q-g25r-mvwx',
92 silly audit report       title: 'Forge has Denial of Service via Infinite Loop in BigInteger.modInverse() with Zero Input',
92 silly audit report       severity: 'high',
92 silly audit report       vulnerable_versions: '<1.4.0',
92 silly audit report       cwe: [Array],
92 silly audit report       cvss: [Object]
92 silly audit report     },
92 silly audit report     {
92 silly audit report       id: 1115612,
92 silly audit report       url: 'https://github.com/advisories/GHSA-ppp5-5v6c-4jwp',
92 silly audit report       title: 'Forge has signature forgery in RSA-PKCS due to ASN.1 extra field  ',
92 silly audit report       severity: 'high',
92 silly audit report       vulnerable_versions: '<1.4.0',
92 silly audit report       cwe: [Array],
92 silly audit report       cvss: [Object]
92 silly audit report     }
92 silly audit report   ]
92 silly audit report }
93 silly packumentCache corgi:https://registry.npmjs.org/yaml cache-miss
94 silly packumentCache corgi:https://registry.npmjs.org/brace-expansion cache-miss
95 silly packumentCache corgi:https://registry.npmjs.org/@xmldom%2fxmldom cache-miss
96 silly packumentCache corgi:https://registry.npmjs.org/picomatch cache-miss
97 silly packumentCache corgi:https://registry.npmjs.org/node-forge cache-miss
98 http fetch GET 200 https://registry.npmjs.org/@babel/plugin-proposal-optional-chaining/-/plugin-proposal-optional-chaining-7.21.0.tgz 530ms (cache miss)
99 http fetch GET 200 https://registry.npmjs.org/@babel/plugin-proposal-nullish-coalescing-operator/-/plugin-proposal-nullish-coalescing-operator-7.18.6.tgz 569ms (cache miss)
100 warn deprecated @babel/plugin-proposal-optional-chaining@7.21.0: This proposal has been merged to the ECMAScript standard and thus this plugin is no longer maintained. Please use @babel/plugin-transform-optional-chaining instead.
101 warn deprecated @babel/plugin-proposal-nullish-coalescing-operator@7.18.6: This proposal has been merged to the ECMAScript standard and thus this plugin is no longer maintained. Please use @babel/plugin-transform-nullish-coalescing-operator instead.
102 http fetch GET 200 https://registry.npmjs.org/@babel/plugin-proposal-optional-catch-binding/-/plugin-proposal-optional-catch-binding-7.18.6.tgz 635ms (cache miss)
103 http fetch GET 200 https://registry.npmjs.org/@babel/plugin-proposal-numeric-separator/-/plugin-proposal-numeric-separator-7.18.6.tgz 634ms (cache miss)
104 http fetch GET 200 https://registry.npmjs.org/@babel/plugin-proposal-class-properties/-/plugin-proposal-class-properties-7.18.6.tgz 642ms (cache miss)
105 warn deprecated @babel/plugin-proposal-class-properties@7.18.6: This proposal has been merged to the ECMAScript standard and thus this plugin is no longer maintained. Please use @babel/plugin-transform-class-properties instead.
106 warn deprecated @babel/plugin-proposal-optional-catch-binding@7.18.6: This proposal has been merged to the ECMAScript standard and thus this plugin is no longer maintained. Please use @babel/plugin-transform-optional-catch-binding instead.
107 warn deprecated @babel/plugin-proposal-numeric-separator@7.18.6: This proposal has been merged to the ECMAScript standard and thus this plugin is no longer maintained. Please use @babel/plugin-transform-numeric-separator instead.
108 http fetch GET 200 https://registry.npmjs.org/brace-expansion 360ms (cache revalidated)
109 silly packumentCache corgi:https://registry.npmjs.org/brace-expansion set size:21298 disposed:false
110 http fetch GET 200 https://registry.npmjs.org/yaml 370ms (cache revalidated)
111 silly packumentCache corgi:https://registry.npmjs.org/yaml set size:160603 disposed:false
112 http fetch GET 200 https://registry.npmjs.org/@babel/plugin-proposal-object-rest-spread/-/plugin-proposal-object-rest-spread-7.20.7.tgz 859ms (cache miss)
113 warn deprecated @babel/plugin-proposal-object-rest-spread@7.20.7: This proposal has been merged to the ECMAScript standard and thus this plugin is no longer maintained. Please use @babel/plugin-transform-object-rest-spread instead.
114 http fetch GET 200 https://registry.npmjs.org/node-forge 413ms (cache revalidated)
115 silly packumentCache corgi:https://registry.npmjs.org/node-forge set size:106633 disposed:false
116 http fetch GET 200 https://registry.npmjs.org/metro-react-native-babel-preset/-/metro-react-native-babel-preset-0.77.0.tgz 875ms (cache miss)
117 http fetch GET 200 https://registry.npmjs.org/picomatch 511ms (cache revalidated)
118 silly packumentCache corgi:https://registry.npmjs.org/picomatch set size:44414 disposed:false
119 warn deprecated metro-react-native-babel-preset@0.77.0: Use @react-native/babel-preset instead
120 http fetch GET 200 https://registry.npmjs.org/@babel/plugin-proposal-async-generator-functions/-/plugin-proposal-async-generator-functions-7.20.7.tgz 1062ms (cache miss)
121 warn deprecated @babel/plugin-proposal-async-generator-functions@7.20.7: This proposal has been merged to the ECMAScript standard and thus this plugin is no longer maintained. Please use @babel/plugin-transform-async-generator-functions instead.
122 http fetch GET 200 https://registry.npmjs.org/react-refresh/-/react-refresh-0.4.3.tgz 1088ms (cache miss)
123 http fetch GET 200 https://registry.npmjs.org/@xmldom%2fxmldom 641ms (cache revalidated)
124 silly packumentCache corgi:https://registry.npmjs.org/@xmldom%2fxmldom set size:71005 disposed:false
125 silly packumentCache corgi:https://registry.npmjs.org/@expo%2fngrok cache-miss
126 http fetch GET 200 https://registry.npmjs.org/@expo%2fngrok 6703ms (cache revalidated)
127 silly packumentCache corgi:https://registry.npmjs.org/@expo%2fngrok set size:13323 disposed:false
128 silly packumentCache corgi:https://registry.npmjs.org/@react-native-community%2fcli-doctor cache-miss
129 silly packumentCache corgi:https://registry.npmjs.org/metro-config cache-miss
130 http fetch GET 200 https://registry.npmjs.org/metro-config 76ms (cache revalidated)
131 silly packumentCache corgi:https://registry.npmjs.org/metro-config set size:187260 disposed:false
132 http fetch GET 200 https://registry.npmjs.org/@react-native-community%2fcli-doctor 249ms (cache revalidated)
133 silly packumentCache corgi:https://registry.npmjs.org/@react-native-community%2fcli-doctor set size:258604 disposed:false
134 silly packumentCache corgi:https://registry.npmjs.org/minimatch cache-miss
135 http fetch GET 200 https://registry.npmjs.org/minimatch 55ms (cache revalidated)
136 silly packumentCache corgi:https://registry.npmjs.org/minimatch set size:168441 disposed:false
137 silly packumentCache corgi:https://registry.npmjs.org/@expo%2fplist cache-miss
138 silly packumentCache corgi:https://registry.npmjs.org/plist cache-miss
139 http fetch GET 200 https://registry.npmjs.org/plist 57ms (cache revalidated)
140 silly packumentCache corgi:https://registry.npmjs.org/plist set size:20724 disposed:false
141 http fetch GET 200 https://registry.npmjs.org/@expo%2fplist 62ms (cache revalidated)
142 silly packumentCache corgi:https://registry.npmjs.org/@expo%2fplist set size:131469 disposed:false
143 silly packumentCache corgi:https://registry.npmjs.org/anymatch cache-miss
144 silly packumentCache corgi:https://registry.npmjs.org/jest-util cache-miss
145 silly packumentCache corgi:https://registry.npmjs.org/micromatch cache-miss
146 http fetch GET 200 https://registry.npmjs.org/anymatch 56ms (cache revalidated)
147 silly packumentCache corgi:https://registry.npmjs.org/anymatch set size:18345 disposed:false
148 http fetch GET 200 https://registry.npmjs.org/jest-util 59ms (cache revalidated)
149 silly packumentCache corgi:https://registry.npmjs.org/jest-util set size:314171 disposed:false
150 http fetch GET 200 https://registry.npmjs.org/micromatch 69ms (cache revalidated)
151 silly packumentCache corgi:https://registry.npmjs.org/micromatch set size:71776 disposed:false
152 silly packumentCache corgi:https://registry.npmjs.org/@expo%2fcli cache-miss
153 http fetch GET 200 https://registry.npmjs.org/@expo%2fcli 95ms (cache revalidated)
154 silly packumentCache corgi:https://registry.npmjs.org/@expo%2fcli set size:1458301 disposed:false
155 silly packumentCache corgi:https://registry.npmjs.org/tinyglobby cache-miss
156 silly packumentCache corgi:https://registry.npmjs.org/fdir cache-miss
157 http fetch GET 200 https://registry.npmjs.org/tinyglobby 56ms (cache revalidated)
158 silly packumentCache corgi:https://registry.npmjs.org/tinyglobby set size:18884 disposed:false
159 http fetch GET 200 https://registry.npmjs.org/fdir 62ms (cache revalidated)
160 silly packumentCache corgi:https://registry.npmjs.org/fdir set size:76905 disposed:false
161 silly packumentCache corgi:https://registry.npmjs.org/@expo%2fcode-signing-certificates cache-miss
162 http fetch GET 200 https://registry.npmjs.org/@expo%2fcode-signing-certificates 1104ms (cache revalidated)
163 silly packumentCache corgi:https://registry.npmjs.org/@expo%2fcode-signing-certificates set size:10991 disposed:false
164 silly ADD node_modules/@babel/helper-environment-visitor
165 silly ADD node_modules/@babel/plugin-proposal-optional-chaining
166 silly ADD node_modules/@babel/plugin-proposal-optional-catch-binding
167 silly ADD node_modules/@babel/plugin-proposal-object-rest-spread
168 silly ADD node_modules/@babel/plugin-proposal-numeric-separator
169 silly ADD node_modules/@babel/plugin-proposal-nullish-coalescing-operator
170 silly ADD node_modules/@babel/plugin-proposal-class-properties
171 silly ADD node_modules/@babel/plugin-proposal-async-generator-functions
172 silly ADD node_modules/metro-react-native-babel-preset
173 silly ADD node_modules/metro-react-native-babel-preset/node_modules/react-refresh
174 verbose cwd E:\Sai Kiran\Scrap_Collector_FV\Customer
175 verbose os Windows_NT 10.0.19045
176 verbose node v24.13.0
177 verbose npm  v11.6.2
178 verbose exit 0
179 info ok
